<?xml version="1.0" encoding="UTF-8"?>
<!-- Generated by org.testng.reporters.JUnitReportReporter -->
<testsuite hostname="LAPTOP-KA72AV4K" failures="0" tests="1" name="SeleniumProject.SeleniumProject.PolicyTest" time="15.419" errors="0" timestamp="2023-10-23T18:26:57 IST" skipped="0">
  <testcase classname="SeleniumProject.SeleniumProject.PolicyTest" name="testGoogle" time="15.419"/>
  <system-out/>
</testsuite> <!-- SeleniumProject.SeleniumProject.PolicyTest -->
